#-----------------------------------------------------------
# Vivado v2021.1 (64-bit)
# SW Build 3247384 on Thu Jun 10 19:36:33 MDT 2021
# IP Build 3246043 on Fri Jun 11 00:30:35 MDT 2021
# Start of session at: Sun Nov 28 16:55:10 2021
# Process ID: 2780
# Current directory: C:/Users/a609071103.cs07/Documents/micro processor/HW3/aquila_dram/aquila_dram
# Command line: vivado.exe -gui_launcher_event rodinguilauncherevent21196 C:\Users\a609071103.cs07\Documents\micro processor\HW3\aquila_dram\aquila_dram\aquila_dram.xpr
# Log file: C:/Users/a609071103.cs07/Documents/micro processor/HW3/aquila_dram/aquila_dram/vivado.log
# Journal file: C:/Users/a609071103.cs07/Documents/micro processor/HW3/aquila_dram/aquila_dram\vivado.jou
#-----------------------------------------------------------
start_gui
open_project {C:/Users/a609071103.cs07/Documents/micro processor/HW3/aquila_dram/aquila_dram/aquila_dram.xpr}
Scanning sources...
Finished scanning sources
INFO: [IP_Flow 19-234] Refreshing IP repositories
INFO: [IP_Flow 19-1704] No user IP repositories specified
INFO: [IP_Flow 19-2313] Loaded Vivado IP repository 'C:/Xilinx/Vivado/2021.1/data/ip'.
open_project: Time (s): cpu = 00:00:15 ; elapsed = 00:00:09 . Memory (MB): peak = 1440.738 ; gain = 0.000
update_compile_order -fileset sources_1
reset_run synth_1
WARNING: [Vivado 12-1017] Problems encountered:
1. Failed to delete one or more files in run directory C:/Users/a609071103.cs07/Documents/micro processor/HW3/aquila_dram/aquila_dram/aquila_dram.runs/synth_1

launch_runs impl_1 -to_step write_bitstream -jobs 6
[Sun Nov 28 16:57:03 2021] Launched synth_1...
Run output will be captured here: C:/Users/a609071103.cs07/Documents/micro processor/HW3/aquila_dram/aquila_dram/aquila_dram.runs/synth_1/runme.log
[Sun Nov 28 16:57:04 2021] Launched impl_1...
Run output will be captured here: C:/Users/a609071103.cs07/Documents/micro processor/HW3/aquila_dram/aquila_dram/aquila_dram.runs/impl_1/runme.log
open_run impl_1
INFO: [Device 21-403] Loading part xc7a35ticsg324-1L
Netlist sorting complete. Time (s): cpu = 00:00:01 ; elapsed = 00:00:00.599 . Memory (MB): peak = 1440.738 ; gain = 0.000
INFO: [Netlist 29-17] Analyzing 1912 Unisim elements for replacement
INFO: [Netlist 29-28] Unisim Transformation completed in 0 CPU seconds
INFO: [Project 1-479] Netlist was created with Vivado 2021.1
INFO: [Project 1-570] Preparing netlist for logic optimization
INFO: [Timing 38-478] Restoring timing data from binary archive.
INFO: [Timing 38-479] Binary timing data restore complete.
INFO: [Project 1-856] Restoring constraints from binary archive.
INFO: [Project 1-853] Binary constraint restore complete.
Reading XDEF placement.
Reading placer database...
Reading XDEF routing.
Read XDEF File: Time (s): cpu = 00:00:03 ; elapsed = 00:00:03 . Memory (MB): peak = 2106.621 ; gain = 35.926
Restored from archive | CPU: 3.000000 secs | Memory: 0.000000 MB |
Finished XDEF File Restore: Time (s): cpu = 00:00:03 ; elapsed = 00:00:03 . Memory (MB): peak = 2106.621 ; gain = 35.926
Netlist sorting complete. Time (s): cpu = 00:00:00 ; elapsed = 00:00:00.009 . Memory (MB): peak = 2106.621 ; gain = 0.000
INFO: [Project 1-111] Unisim Transformation Summary:
  A total of 325 instances were transformed.
  IOBUFDS_INTERMDISABLE => IOBUFDS_INTERMDISABLE (IBUFDS_INTERMDISABLE_INT(x2), INV, OBUFTDS(x2)): 2 instances
  IOBUF_INTERMDISABLE => IOBUF_INTERMDISABLE (IBUF_INTERMDISABLE, OBUFT): 16 instances
  OBUFDS => OBUFDS_DUAL_BUF (INV, OBUFDS(x2)): 1 instance 
  RAM16X1D => RAM32X1D (RAMD32(x2)): 5 instances
  RAM32M => RAM32M (RAMD32(x6), RAMS32(x2)): 196 instances
  RAM32X1D => RAM32X1D (RAMD32(x2)): 12 instances
  RAM32X1S => RAM32X1S (RAMS32): 92 instances
  SRLC32E => SRL16E: 1 instance 

open_run: Time (s): cpu = 00:00:35 ; elapsed = 00:00:26 . Memory (MB): peak = 2237.758 ; gain = 797.020
open_report: Time (s): cpu = 00:00:16 ; elapsed = 00:00:10 . Memory (MB): peak = 2362.184 ; gain = 90.367
WARNING: [Timing 38-436] There are set_bus_skew constraint(s) in this design. Please run report_bus_skew to ensure that bus skew requirements are met.
open_hw_manager
connect_hw_server -allow_non_jtag
INFO: [Labtools 27-2285] Connecting to hw_server url TCP:localhost:3121
INFO: [Labtools 27-2222] Launching hw_server...
INFO: [Labtools 27-2221] Launch Output:

****** Xilinx hw_server v2021.1
  **** Build date : Jun 10 2021 at 20:17:23
    ** Copyright 1986-2021 Xilinx, Inc. All Rights Reserved.


INFO: [Labtools 27-3415] Connecting to cs_server url TCP:localhost:3042
INFO: [Labtools 27-3417] Launching cs_server...
INFO: [Labtools 27-2221] Launch Output:


******** Xilinx cs_server v2021.1
  ****** Build date   : May 27 2021-01:32:33
    **** Build number : 2021.1.1622050353
      ** Copyright 2017-2021 Xilinx, Inc. All Rights Reserved.



connect_hw_server: Time (s): cpu = 00:00:00 ; elapsed = 00:00:07 . Memory (MB): peak = 2753.434 ; gain = 17.766
open_hw_target
INFO: [Labtoolstcl 44-466] Opening hw_target localhost:3121/xilinx_tcf/Digilent/210319A438C7A
open_hw_target: Time (s): cpu = 00:00:06 ; elapsed = 00:00:06 . Memory (MB): peak = 4469.113 ; gain = 1715.680
set_property PROGRAM.FILE {C:/Users/a609071103.cs07/Documents/micro processor/HW3/aquila_dram/aquila_dram/aquila_dram.runs/impl_1/soc_top.bit} [get_hw_devices xc7a35t_0]
current_hw_device [get_hw_devices xc7a35t_0]
refresh_hw_device -update_hw_probes false [lindex [get_hw_devices xc7a35t_0] 0]
INFO: [Labtools 27-1434] Device xc7a35t (JTAG device index = 0) is programmed with a design that has no supported debug core(s) in it.
set_property PROBES.FILE {} [get_hw_devices xc7a35t_0]
set_property FULL_PROBES.FILE {} [get_hw_devices xc7a35t_0]
set_property PROGRAM.FILE {C:/Users/a609071103.cs07/Documents/micro processor/HW3/aquila_dram/aquila_dram/aquila_dram.runs/impl_1/soc_top.bit} [get_hw_devices xc7a35t_0]
program_hw_devices [get_hw_devices xc7a35t_0]
INFO: [Labtools 27-3164] End of startup status: HIGH
refresh_hw_device [lindex [get_hw_devices xc7a35t_0] 0]
INFO: [Labtools 27-1434] Device xc7a35t (JTAG device index = 0) is programmed with a design that has no supported debug core(s) in it.
reset_run synth_1
WARNING: [Vivado 12-1017] Problems encountered:
1. Failed to delete one or more files in run directory C:/Users/a609071103.cs07/Documents/micro processor/HW3/aquila_dram/aquila_dram/aquila_dram.runs/synth_1

launch_runs impl_1 -to_step write_bitstream -jobs 6
[Sun Nov 28 17:08:34 2021] Launched synth_1...
Run output will be captured here: C:/Users/a609071103.cs07/Documents/micro processor/HW3/aquila_dram/aquila_dram/aquila_dram.runs/synth_1/runme.log
[Sun Nov 28 17:08:34 2021] Launched impl_1...
Run output will be captured here: C:/Users/a609071103.cs07/Documents/micro processor/HW3/aquila_dram/aquila_dram/aquila_dram.runs/impl_1/runme.log
set_property PROBES.FILE {} [get_hw_devices xc7a35t_0]
set_property FULL_PROBES.FILE {} [get_hw_devices xc7a35t_0]
set_property PROGRAM.FILE {C:/Users/a609071103.cs07/Documents/micro processor/HW3/aquila_dram/aquila_dram/aquila_dram.runs/impl_1/soc_top.bit} [get_hw_devices xc7a35t_0]
program_hw_devices [get_hw_devices xc7a35t_0]
INFO: [Labtools 27-3164] End of startup status: HIGH
refresh_hw_device [lindex [get_hw_devices xc7a35t_0] 0]
INFO: [Labtools 27-1434] Device xc7a35t (JTAG device index = 0) is programmed with a design that has no supported debug core(s) in it.
set_property PROBES.FILE {} [get_hw_devices xc7a35t_0]
set_property FULL_PROBES.FILE {} [get_hw_devices xc7a35t_0]
set_property PROGRAM.FILE {C:/Users/a609071103.cs07/Documents/micro processor/HW3/aquila_dram/aquila_dram/aquila_dram.runs/impl_1/soc_top.bit} [get_hw_devices xc7a35t_0]
program_hw_devices [get_hw_devices xc7a35t_0]
INFO: [Labtools 27-3164] End of startup status: HIGH
refresh_hw_device [lindex [get_hw_devices xc7a35t_0] 0]
INFO: [Labtools 27-1434] Device xc7a35t (JTAG device index = 0) is programmed with a design that has no supported debug core(s) in it.
reset_run synth_1
WARNING: [Vivado 12-1017] Problems encountered:
1. Failed to delete one or more files in run directory C:/Users/a609071103.cs07/Documents/micro processor/HW3/aquila_dram/aquila_dram/aquila_dram.runs/synth_1

launch_runs impl_1 -to_step write_bitstream -jobs 6
[Sun Nov 28 17:19:43 2021] Launched synth_1...
Run output will be captured here: C:/Users/a609071103.cs07/Documents/micro processor/HW3/aquila_dram/aquila_dram/aquila_dram.runs/synth_1/runme.log
[Sun Nov 28 17:19:43 2021] Launched impl_1...
Run output will be captured here: C:/Users/a609071103.cs07/Documents/micro processor/HW3/aquila_dram/aquila_dram/aquila_dram.runs/impl_1/runme.log
set_property PROBES.FILE {} [get_hw_devices xc7a35t_0]
set_property FULL_PROBES.FILE {} [get_hw_devices xc7a35t_0]
set_property PROGRAM.FILE {C:/Users/a609071103.cs07/Documents/micro processor/HW3/aquila_dram/aquila_dram/aquila_dram.runs/impl_1/soc_top.bit} [get_hw_devices xc7a35t_0]
program_hw_devices [get_hw_devices xc7a35t_0]
INFO: [Labtools 27-3164] End of startup status: HIGH
refresh_hw_device [lindex [get_hw_devices xc7a35t_0] 0]
INFO: [Labtools 27-1434] Device xc7a35t (JTAG device index = 0) is programmed with a design that has no supported debug core(s) in it.
reset_run synth_1
WARNING: [Vivado 12-1017] Problems encountered:
1. Failed to delete one or more files in run directory C:/Users/a609071103.cs07/Documents/micro processor/HW3/aquila_dram/aquila_dram/aquila_dram.runs/synth_1

launch_runs impl_1 -to_step write_bitstream -jobs 6
[Sun Nov 28 17:29:45 2021] Launched synth_1...
Run output will be captured here: C:/Users/a609071103.cs07/Documents/micro processor/HW3/aquila_dram/aquila_dram/aquila_dram.runs/synth_1/runme.log
[Sun Nov 28 17:29:45 2021] Launched impl_1...
Run output will be captured here: C:/Users/a609071103.cs07/Documents/micro processor/HW3/aquila_dram/aquila_dram/aquila_dram.runs/impl_1/runme.log
reset_run synth_1
WARNING: [Vivado 12-1017] Problems encountered:
1. Failed to delete one or more files in run directory C:/Users/a609071103.cs07/Documents/micro processor/HW3/aquila_dram/aquila_dram/aquila_dram.runs/synth_1

launch_runs impl_1 -to_step write_bitstream -jobs 6
[Sun Nov 28 17:30:36 2021] Launched synth_1...
Run output will be captured here: C:/Users/a609071103.cs07/Documents/micro processor/HW3/aquila_dram/aquila_dram/aquila_dram.runs/synth_1/runme.log
[Sun Nov 28 17:30:36 2021] Launched impl_1...
Run output will be captured here: C:/Users/a609071103.cs07/Documents/micro processor/HW3/aquila_dram/aquila_dram/aquila_dram.runs/impl_1/runme.log
set_property PROBES.FILE {} [get_hw_devices xc7a35t_0]
set_property FULL_PROBES.FILE {} [get_hw_devices xc7a35t_0]
set_property PROGRAM.FILE {C:/Users/a609071103.cs07/Documents/micro processor/HW3/aquila_dram/aquila_dram/aquila_dram.runs/impl_1/soc_top.bit} [get_hw_devices xc7a35t_0]
program_hw_devices [get_hw_devices xc7a35t_0]
INFO: [Labtools 27-3164] End of startup status: HIGH
refresh_hw_device [lindex [get_hw_devices xc7a35t_0] 0]
INFO: [Labtools 27-1434] Device xc7a35t (JTAG device index = 0) is programmed with a design that has no supported debug core(s) in it.
reset_run synth_1
WARNING: [Vivado 12-1017] Problems encountered:
1. Failed to delete one or more files in run directory C:/Users/a609071103.cs07/Documents/micro processor/HW3/aquila_dram/aquila_dram/aquila_dram.runs/synth_1

launch_runs impl_1 -to_step write_bitstream -jobs 6
[Sun Nov 28 20:48:07 2021] Launched synth_1...
Run output will be captured here: C:/Users/a609071103.cs07/Documents/micro processor/HW3/aquila_dram/aquila_dram/aquila_dram.runs/synth_1/runme.log
[Sun Nov 28 20:48:07 2021] Launched impl_1...
Run output will be captured here: C:/Users/a609071103.cs07/Documents/micro processor/HW3/aquila_dram/aquila_dram/aquila_dram.runs/impl_1/runme.log
reset_run synth_1
WARNING: [Vivado 12-1017] Problems encountered:
1. Failed to delete one or more files in run directory C:/Users/a609071103.cs07/Documents/micro processor/HW3/aquila_dram/aquila_dram/aquila_dram.runs/synth_1

launch_runs impl_1 -to_step write_bitstream -jobs 6
[Sun Nov 28 20:53:29 2021] Launched synth_1...
Run output will be captured here: C:/Users/a609071103.cs07/Documents/micro processor/HW3/aquila_dram/aquila_dram/aquila_dram.runs/synth_1/runme.log
[Sun Nov 28 20:53:29 2021] Launched impl_1...
Run output will be captured here: C:/Users/a609071103.cs07/Documents/micro processor/HW3/aquila_dram/aquila_dram/aquila_dram.runs/impl_1/runme.log
reset_run synth_1
WARNING: [Vivado 12-1017] Problems encountered:
1. Failed to delete one or more files in run directory C:/Users/a609071103.cs07/Documents/micro processor/HW3/aquila_dram/aquila_dram/aquila_dram.runs/synth_1

launch_runs impl_1 -to_step write_bitstream -jobs 6
[Sun Nov 28 20:55:04 2021] Launched synth_1...
Run output will be captured here: C:/Users/a609071103.cs07/Documents/micro processor/HW3/aquila_dram/aquila_dram/aquila_dram.runs/synth_1/runme.log
[Sun Nov 28 20:55:04 2021] Launched impl_1...
Run output will be captured here: C:/Users/a609071103.cs07/Documents/micro processor/HW3/aquila_dram/aquila_dram/aquila_dram.runs/impl_1/runme.log
reset_run synth_1
WARNING: [Vivado 12-1017] Problems encountered:
1. Failed to delete one or more files in run directory C:/Users/a609071103.cs07/Documents/micro processor/HW3/aquila_dram/aquila_dram/aquila_dram.runs/synth_1

launch_runs impl_1 -to_step write_bitstream -jobs 6
[Sun Nov 28 20:58:58 2021] Launched synth_1...
Run output will be captured here: C:/Users/a609071103.cs07/Documents/micro processor/HW3/aquila_dram/aquila_dram/aquila_dram.runs/synth_1/runme.log
[Sun Nov 28 20:58:58 2021] Launched impl_1...
Run output will be captured here: C:/Users/a609071103.cs07/Documents/micro processor/HW3/aquila_dram/aquila_dram/aquila_dram.runs/impl_1/runme.log
reset_run synth_1
WARNING: [Vivado 12-1017] Problems encountered:
1. Failed to delete one or more files in run directory C:/Users/a609071103.cs07/Documents/micro processor/HW3/aquila_dram/aquila_dram/aquila_dram.runs/synth_1

launch_runs impl_1 -to_step write_bitstream -jobs 6
[Sun Nov 28 21:05:24 2021] Launched synth_1...
Run output will be captured here: C:/Users/a609071103.cs07/Documents/micro processor/HW3/aquila_dram/aquila_dram/aquila_dram.runs/synth_1/runme.log
[Sun Nov 28 21:05:24 2021] Launched impl_1...
Run output will be captured here: C:/Users/a609071103.cs07/Documents/micro processor/HW3/aquila_dram/aquila_dram/aquila_dram.runs/impl_1/runme.log
set_property PROBES.FILE {} [get_hw_devices xc7a35t_0]
set_property FULL_PROBES.FILE {} [get_hw_devices xc7a35t_0]
set_property PROGRAM.FILE {C:/Users/a609071103.cs07/Documents/micro processor/HW3/aquila_dram/aquila_dram/aquila_dram.runs/impl_1/soc_top.bit} [get_hw_devices xc7a35t_0]
program_hw_devices [get_hw_devices xc7a35t_0]
INFO: [Labtools 27-3164] End of startup status: HIGH
refresh_hw_device [lindex [get_hw_devices xc7a35t_0] 0]
INFO: [Labtools 27-1434] Device xc7a35t (JTAG device index = 0) is programmed with a design that has no supported debug core(s) in it.
reset_run synth_1
WARNING: [Vivado 12-1017] Problems encountered:
1. Failed to delete one or more files in run directory C:/Users/a609071103.cs07/Documents/micro processor/HW3/aquila_dram/aquila_dram/aquila_dram.runs/synth_1

launch_runs impl_1 -to_step write_bitstream -jobs 6
[Mon Nov 29 01:21:25 2021] Launched synth_1...
Run output will be captured here: C:/Users/a609071103.cs07/Documents/micro processor/HW3/aquila_dram/aquila_dram/aquila_dram.runs/synth_1/runme.log
[Mon Nov 29 01:21:25 2021] Launched impl_1...
Run output will be captured here: C:/Users/a609071103.cs07/Documents/micro processor/HW3/aquila_dram/aquila_dram/aquila_dram.runs/impl_1/runme.log
reset_run synth_1
WARNING: [Vivado 12-1017] Problems encountered:
1. Failed to delete one or more files in run directory C:/Users/a609071103.cs07/Documents/micro processor/HW3/aquila_dram/aquila_dram/aquila_dram.runs/synth_1

launch_runs impl_1 -to_step write_bitstream -jobs 6
[Mon Nov 29 01:23:48 2021] Launched synth_1...
Run output will be captured here: C:/Users/a609071103.cs07/Documents/micro processor/HW3/aquila_dram/aquila_dram/aquila_dram.runs/synth_1/runme.log
[Mon Nov 29 01:23:48 2021] Launched impl_1...
Run output will be captured here: C:/Users/a609071103.cs07/Documents/micro processor/HW3/aquila_dram/aquila_dram/aquila_dram.runs/impl_1/runme.log
reset_run synth_1
WARNING: [Vivado 12-1017] Problems encountered:
1. Failed to delete one or more files in run directory C:/Users/a609071103.cs07/Documents/micro processor/HW3/aquila_dram/aquila_dram/aquila_dram.runs/synth_1

launch_runs impl_1 -to_step write_bitstream -jobs 6
[Mon Nov 29 01:24:35 2021] Launched synth_1...
Run output will be captured here: C:/Users/a609071103.cs07/Documents/micro processor/HW3/aquila_dram/aquila_dram/aquila_dram.runs/synth_1/runme.log
[Mon Nov 29 01:24:35 2021] Launched impl_1...
Run output will be captured here: C:/Users/a609071103.cs07/Documents/micro processor/HW3/aquila_dram/aquila_dram/aquila_dram.runs/impl_1/runme.log
set_property PROBES.FILE {} [get_hw_devices xc7a35t_0]
set_property FULL_PROBES.FILE {} [get_hw_devices xc7a35t_0]
set_property PROGRAM.FILE {C:/Users/a609071103.cs07/Documents/micro processor/HW3/aquila_dram/aquila_dram/aquila_dram.runs/impl_1/soc_top.bit} [get_hw_devices xc7a35t_0]
program_hw_devices [get_hw_devices xc7a35t_0]
INFO: [Labtools 27-3164] End of startup status: HIGH
refresh_hw_device [lindex [get_hw_devices xc7a35t_0] 0]
INFO: [Labtools 27-1434] Device xc7a35t (JTAG device index = 0) is programmed with a design that has no supported debug core(s) in it.
reset_run synth_1
WARNING: [Vivado 12-1017] Problems encountered:
1. Failed to delete one or more files in run directory C:/Users/a609071103.cs07/Documents/micro processor/HW3/aquila_dram/aquila_dram/aquila_dram.runs/synth_1

launch_runs impl_1 -to_step write_bitstream -jobs 6
[Mon Nov 29 01:35:02 2021] Launched synth_1...
Run output will be captured here: C:/Users/a609071103.cs07/Documents/micro processor/HW3/aquila_dram/aquila_dram/aquila_dram.runs/synth_1/runme.log
[Mon Nov 29 01:35:02 2021] Launched impl_1...
Run output will be captured here: C:/Users/a609071103.cs07/Documents/micro processor/HW3/aquila_dram/aquila_dram/aquila_dram.runs/impl_1/runme.log
set_property PROBES.FILE {} [get_hw_devices xc7a35t_0]
set_property FULL_PROBES.FILE {} [get_hw_devices xc7a35t_0]
set_property PROGRAM.FILE {C:/Users/a609071103.cs07/Documents/micro processor/HW3/aquila_dram/aquila_dram/aquila_dram.runs/impl_1/soc_top.bit} [get_hw_devices xc7a35t_0]
program_hw_devices [get_hw_devices xc7a35t_0]
INFO: [Labtools 27-3164] End of startup status: HIGH
refresh_hw_device [lindex [get_hw_devices xc7a35t_0] 0]
INFO: [Labtools 27-1434] Device xc7a35t (JTAG device index = 0) is programmed with a design that has no supported debug core(s) in it.
ERROR: [Labtoolstcl 44-513] HW Target shutdown. Closing target: localhost:3121/xilinx_tcf/Digilent/210319A438C7A
INFO: [Labtoolstcl 44-466] Opening hw_target localhost:3121/xilinx_tcf/Digilent/210319A438C7A
INFO: [Labtools 27-1434] Device xc7a35t (JTAG device index = 0) is programmed with a design that has no supported debug core(s) in it.
WARNING: [Labtoolstcl 44-129] No matching hw_ila_data was found.
reset_run synth_1
WARNING: [Vivado 12-1017] Problems encountered:
1. Failed to delete one or more files in run directory C:/Users/a609071103.cs07/Documents/micro processor/HW3/aquila_dram/aquila_dram/aquila_dram.runs/synth_1

launch_runs impl_1 -to_step write_bitstream -jobs 6
[Mon Nov 29 15:35:50 2021] Launched synth_1...
Run output will be captured here: C:/Users/a609071103.cs07/Documents/micro processor/HW3/aquila_dram/aquila_dram/aquila_dram.runs/synth_1/runme.log
[Mon Nov 29 15:35:50 2021] Launched impl_1...
Run output will be captured here: C:/Users/a609071103.cs07/Documents/micro processor/HW3/aquila_dram/aquila_dram/aquila_dram.runs/impl_1/runme.log
reset_run synth_1
WARNING: [Vivado 12-1017] Problems encountered:
1. Failed to delete one or more files in run directory C:/Users/a609071103.cs07/Documents/micro processor/HW3/aquila_dram/aquila_dram/aquila_dram.runs/synth_1

launch_runs impl_1 -to_step write_bitstream -jobs 6
[Mon Nov 29 15:39:04 2021] Launched synth_1...
Run output will be captured here: C:/Users/a609071103.cs07/Documents/micro processor/HW3/aquila_dram/aquila_dram/aquila_dram.runs/synth_1/runme.log
[Mon Nov 29 15:39:04 2021] Launched impl_1...
Run output will be captured here: C:/Users/a609071103.cs07/Documents/micro processor/HW3/aquila_dram/aquila_dram/aquila_dram.runs/impl_1/runme.log
reset_run synth_1
WARNING: [Vivado 12-1017] Problems encountered:
1. Failed to delete one or more files in run directory C:/Users/a609071103.cs07/Documents/micro processor/HW3/aquila_dram/aquila_dram/aquila_dram.runs/synth_1

launch_runs impl_1 -to_step write_bitstream -jobs 6
[Mon Nov 29 15:39:51 2021] Launched synth_1...
Run output will be captured here: C:/Users/a609071103.cs07/Documents/micro processor/HW3/aquila_dram/aquila_dram/aquila_dram.runs/synth_1/runme.log
[Mon Nov 29 15:39:51 2021] Launched impl_1...
Run output will be captured here: C:/Users/a609071103.cs07/Documents/micro processor/HW3/aquila_dram/aquila_dram/aquila_dram.runs/impl_1/runme.log
reset_run synth_1
WARNING: [Vivado 12-1017] Problems encountered:
1. Failed to delete one or more files in run directory C:/Users/a609071103.cs07/Documents/micro processor/HW3/aquila_dram/aquila_dram/aquila_dram.runs/synth_1

launch_runs impl_1 -to_step write_bitstream -jobs 6
[Mon Nov 29 15:40:36 2021] Launched synth_1...
Run output will be captured here: C:/Users/a609071103.cs07/Documents/micro processor/HW3/aquila_dram/aquila_dram/aquila_dram.runs/synth_1/runme.log
[Mon Nov 29 15:40:36 2021] Launched impl_1...
Run output will be captured here: C:/Users/a609071103.cs07/Documents/micro processor/HW3/aquila_dram/aquila_dram/aquila_dram.runs/impl_1/runme.log
set_property PROBES.FILE {} [get_hw_devices xc7a35t_0]
set_property FULL_PROBES.FILE {} [get_hw_devices xc7a35t_0]
set_property PROGRAM.FILE {C:/Users/a609071103.cs07/Documents/micro processor/HW3/aquila_dram/aquila_dram/aquila_dram.runs/impl_1/soc_top.bit} [get_hw_devices xc7a35t_0]
program_hw_devices [get_hw_devices xc7a35t_0]
INFO: [Labtools 27-3164] End of startup status: HIGH
refresh_hw_device [lindex [get_hw_devices xc7a35t_0] 0]
INFO: [Labtools 27-1434] Device xc7a35t (JTAG device index = 0) is programmed with a design that has no supported debug core(s) in it.
open_run synth_1 -name synth_1
Design is defaulting to impl run constrset: constrs_1
Design is defaulting to synth run part: xc7a35ticsg324-1L
INFO: [Project 1-454] Reading design checkpoint 'c:/Users/a609071103.cs07/Documents/micro processor/HW3/aquila_dram/aquila_dram/aquila_dram.gen/sources_1/ip/clk_wiz_0/clk_wiz_0.dcp' for cell 'Clock_Generator'
INFO: [Project 1-454] Reading design checkpoint 'c:/Users/a609071103.cs07/Documents/micro processor/HW3/aquila_dram/aquila_dram/aquila_dram.gen/sources_1/ip/mig_7series_0/mig_7series_0.dcp' for cell 'MIG'
INFO: [Project 1-454] Reading design checkpoint 'c:/Users/a609071103.cs07/Documents/micro processor/HW3/aquila_dram/aquila_dram/aquila_dram.gen/sources_1/ip/async_fifo_addr/async_fifo_addr.dcp' for cell 'synchronizer/DMEM_addr'
INFO: [Project 1-454] Reading design checkpoint 'c:/Users/a609071103.cs07/Documents/micro processor/HW3/aquila_dram/aquila_dram/aquila_dram.gen/sources_1/ip/async_fifo_signal/async_fifo_signal.dcp' for cell 'synchronizer/DMEM_done__0'
INFO: [Project 1-454] Reading design checkpoint 'c:/Users/a609071103.cs07/Documents/micro processor/HW3/aquila_dram/aquila_dram/aquila_dram.gen/sources_1/ip/async_fifo_data/async_fifo_data.dcp' for cell 'synchronizer/DMEM_rd_data'
Netlist sorting complete. Time (s): cpu = 00:00:01 ; elapsed = 00:00:00.611 . Memory (MB): peak = 4630.469 ; gain = 0.000
INFO: [Netlist 29-17] Analyzing 1916 Unisim elements for replacement
INFO: [Netlist 29-28] Unisim Transformation completed in 0 CPU seconds
INFO: [Project 1-479] Netlist was created with Vivado 2021.1
INFO: [Project 1-570] Preparing netlist for logic optimization
Parsing XDC File [c:/Users/a609071103.cs07/Documents/micro processor/HW3/aquila_dram/aquila_dram/aquila_dram.gen/sources_1/ip/async_fifo_addr/async_fifo_addr.xdc] for cell 'synchronizer/DMEM_addr/U0'
Finished Parsing XDC File [c:/Users/a609071103.cs07/Documents/micro processor/HW3/aquila_dram/aquila_dram/aquila_dram.gen/sources_1/ip/async_fifo_addr/async_fifo_addr.xdc] for cell 'synchronizer/DMEM_addr/U0'
Parsing XDC File [c:/Users/a609071103.cs07/Documents/micro processor/HW3/aquila_dram/aquila_dram/aquila_dram.gen/sources_1/ip/async_fifo_addr/async_fifo_addr.xdc] for cell 'synchronizer/IMEM_addr/U0'
Finished Parsing XDC File [c:/Users/a609071103.cs07/Documents/micro processor/HW3/aquila_dram/aquila_dram/aquila_dram.gen/sources_1/ip/async_fifo_addr/async_fifo_addr.xdc] for cell 'synchronizer/IMEM_addr/U0'
Parsing XDC File [c:/Users/a609071103.cs07/Documents/micro processor/HW3/aquila_dram/aquila_dram/aquila_dram.gen/sources_1/ip/async_fifo_signal/async_fifo_signal.xdc] for cell 'synchronizer/DMEM_done__0/U0'
Finished Parsing XDC File [c:/Users/a609071103.cs07/Documents/micro processor/HW3/aquila_dram/aquila_dram/aquila_dram.gen/sources_1/ip/async_fifo_signal/async_fifo_signal.xdc] for cell 'synchronizer/DMEM_done__0/U0'
Parsing XDC File [c:/Users/a609071103.cs07/Documents/micro processor/HW3/aquila_dram/aquila_dram/aquila_dram.gen/sources_1/ip/async_fifo_signal/async_fifo_signal.xdc] for cell 'synchronizer/DMEM_rw/U0'
Finished Parsing XDC File [c:/Users/a609071103.cs07/Documents/micro processor/HW3/aquila_dram/aquila_dram/aquila_dram.gen/sources_1/ip/async_fifo_signal/async_fifo_signal.xdc] for cell 'synchronizer/DMEM_rw/U0'
Parsing XDC File [c:/Users/a609071103.cs07/Documents/micro processor/HW3/aquila_dram/aquila_dram/aquila_dram.gen/sources_1/ip/async_fifo_signal/async_fifo_signal.xdc] for cell 'synchronizer/DMEM_strobe/U0'
Finished Parsing XDC File [c:/Users/a609071103.cs07/Documents/micro processor/HW3/aquila_dram/aquila_dram/aquila_dram.gen/sources_1/ip/async_fifo_signal/async_fifo_signal.xdc] for cell 'synchronizer/DMEM_strobe/U0'
Parsing XDC File [c:/Users/a609071103.cs07/Documents/micro processor/HW3/aquila_dram/aquila_dram/aquila_dram.gen/sources_1/ip/async_fifo_signal/async_fifo_signal.xdc] for cell 'synchronizer/IMEM_done__0/U0'
Finished Parsing XDC File [c:/Users/a609071103.cs07/Documents/micro processor/HW3/aquila_dram/aquila_dram/aquila_dram.gen/sources_1/ip/async_fifo_signal/async_fifo_signal.xdc] for cell 'synchronizer/IMEM_done__0/U0'
Parsing XDC File [c:/Users/a609071103.cs07/Documents/micro processor/HW3/aquila_dram/aquila_dram/aquila_dram.gen/sources_1/ip/async_fifo_signal/async_fifo_signal.xdc] for cell 'synchronizer/IMEM_strobe/U0'
Finished Parsing XDC File [c:/Users/a609071103.cs07/Documents/micro processor/HW3/aquila_dram/aquila_dram/aquila_dram.gen/sources_1/ip/async_fifo_signal/async_fifo_signal.xdc] for cell 'synchronizer/IMEM_strobe/U0'
Parsing XDC File [c:/Users/a609071103.cs07/Documents/micro processor/HW3/aquila_dram/aquila_dram/aquila_dram.gen/sources_1/ip/clk_wiz_0/clk_wiz_0_board.xdc] for cell 'Clock_Generator/inst'
Finished Parsing XDC File [c:/Users/a609071103.cs07/Documents/micro processor/HW3/aquila_dram/aquila_dram/aquila_dram.gen/sources_1/ip/clk_wiz_0/clk_wiz_0_board.xdc] for cell 'Clock_Generator/inst'
Parsing XDC File [c:/Users/a609071103.cs07/Documents/micro processor/HW3/aquila_dram/aquila_dram/aquila_dram.gen/sources_1/ip/clk_wiz_0/clk_wiz_0.xdc] for cell 'Clock_Generator/inst'
INFO: [Timing 38-35] Done setting XDC timing constraints. [c:/Users/a609071103.cs07/Documents/micro processor/HW3/aquila_dram/aquila_dram/aquila_dram.gen/sources_1/ip/clk_wiz_0/clk_wiz_0.xdc:57]
INFO: [Timing 38-2] Deriving generated clocks [c:/Users/a609071103.cs07/Documents/micro processor/HW3/aquila_dram/aquila_dram/aquila_dram.gen/sources_1/ip/clk_wiz_0/clk_wiz_0.xdc:57]
Finished Parsing XDC File [c:/Users/a609071103.cs07/Documents/micro processor/HW3/aquila_dram/aquila_dram/aquila_dram.gen/sources_1/ip/clk_wiz_0/clk_wiz_0.xdc] for cell 'Clock_Generator/inst'
Parsing XDC File [c:/Users/a609071103.cs07/Documents/micro processor/HW3/aquila_dram/aquila_dram/aquila_dram.gen/sources_1/ip/mig_7series_0/mig_7series_0/user_design/constraints/mig_7series_0.xdc] for cell 'MIG'
Finished Parsing XDC File [c:/Users/a609071103.cs07/Documents/micro processor/HW3/aquila_dram/aquila_dram/aquila_dram.gen/sources_1/ip/mig_7series_0/mig_7series_0/user_design/constraints/mig_7series_0.xdc] for cell 'MIG'
Parsing XDC File [c:/Users/a609071103.cs07/Documents/micro processor/HW3/aquila_dram/aquila_dram/aquila_dram.gen/sources_1/ip/async_fifo_data/async_fifo_data.xdc] for cell 'synchronizer/DMEM_rd_data/U0'
Finished Parsing XDC File [c:/Users/a609071103.cs07/Documents/micro processor/HW3/aquila_dram/aquila_dram/aquila_dram.gen/sources_1/ip/async_fifo_data/async_fifo_data.xdc] for cell 'synchronizer/DMEM_rd_data/U0'
Parsing XDC File [c:/Users/a609071103.cs07/Documents/micro processor/HW3/aquila_dram/aquila_dram/aquila_dram.gen/sources_1/ip/async_fifo_data/async_fifo_data.xdc] for cell 'synchronizer/DMEM_wt_data/U0'
Finished Parsing XDC File [c:/Users/a609071103.cs07/Documents/micro processor/HW3/aquila_dram/aquila_dram/aquila_dram.gen/sources_1/ip/async_fifo_data/async_fifo_data.xdc] for cell 'synchronizer/DMEM_wt_data/U0'
Parsing XDC File [c:/Users/a609071103.cs07/Documents/micro processor/HW3/aquila_dram/aquila_dram/aquila_dram.gen/sources_1/ip/async_fifo_data/async_fifo_data.xdc] for cell 'synchronizer/IMEM_rd_data/U0'
Finished Parsing XDC File [c:/Users/a609071103.cs07/Documents/micro processor/HW3/aquila_dram/aquila_dram/aquila_dram.gen/sources_1/ip/async_fifo_data/async_fifo_data.xdc] for cell 'synchronizer/IMEM_rd_data/U0'
Parsing XDC File [C:/Users/a609071103.cs07/Documents/micro processor/HW3/aquila_dram/aquila_dram/aquila_dram.srcs/constrs_1/imports/xdc/arty.xdc]
Finished Parsing XDC File [C:/Users/a609071103.cs07/Documents/micro processor/HW3/aquila_dram/aquila_dram/aquila_dram.srcs/constrs_1/imports/xdc/arty.xdc]
Parsing XDC File [c:/Users/a609071103.cs07/Documents/micro processor/HW3/aquila_dram/aquila_dram/aquila_dram.gen/sources_1/ip/async_fifo_addr/async_fifo_addr_clocks.xdc] for cell 'synchronizer/DMEM_addr/U0'
INFO: [Timing 38-2] Deriving generated clocks [c:/Users/a609071103.cs07/Documents/micro processor/HW3/aquila_dram/aquila_dram/aquila_dram.gen/sources_1/ip/async_fifo_addr/async_fifo_addr_clocks.xdc:60]
Finished Parsing XDC File [c:/Users/a609071103.cs07/Documents/micro processor/HW3/aquila_dram/aquila_dram/aquila_dram.gen/sources_1/ip/async_fifo_addr/async_fifo_addr_clocks.xdc] for cell 'synchronizer/DMEM_addr/U0'
Parsing XDC File [c:/Users/a609071103.cs07/Documents/micro processor/HW3/aquila_dram/aquila_dram/aquila_dram.gen/sources_1/ip/async_fifo_addr/async_fifo_addr_clocks.xdc] for cell 'synchronizer/IMEM_addr/U0'
Finished Parsing XDC File [c:/Users/a609071103.cs07/Documents/micro processor/HW3/aquila_dram/aquila_dram/aquila_dram.gen/sources_1/ip/async_fifo_addr/async_fifo_addr_clocks.xdc] for cell 'synchronizer/IMEM_addr/U0'
Parsing XDC File [c:/Users/a609071103.cs07/Documents/micro processor/HW3/aquila_dram/aquila_dram/aquila_dram.gen/sources_1/ip/async_fifo_signal/async_fifo_signal_clocks.xdc] for cell 'synchronizer/DMEM_done__0/U0'
Finished Parsing XDC File [c:/Users/a609071103.cs07/Documents/micro processor/HW3/aquila_dram/aquila_dram/aquila_dram.gen/sources_1/ip/async_fifo_signal/async_fifo_signal_clocks.xdc] for cell 'synchronizer/DMEM_done__0/U0'
Parsing XDC File [c:/Users/a609071103.cs07/Documents/micro processor/HW3/aquila_dram/aquila_dram/aquila_dram.gen/sources_1/ip/async_fifo_signal/async_fifo_signal_clocks.xdc] for cell 'synchronizer/DMEM_rw/U0'
Finished Parsing XDC File [c:/Users/a609071103.cs07/Documents/micro processor/HW3/aquila_dram/aquila_dram/aquila_dram.gen/sources_1/ip/async_fifo_signal/async_fifo_signal_clocks.xdc] for cell 'synchronizer/DMEM_rw/U0'
Parsing XDC File [c:/Users/a609071103.cs07/Documents/micro processor/HW3/aquila_dram/aquila_dram/aquila_dram.gen/sources_1/ip/async_fifo_signal/async_fifo_signal_clocks.xdc] for cell 'synchronizer/DMEM_strobe/U0'
Finished Parsing XDC File [c:/Users/a609071103.cs07/Documents/micro processor/HW3/aquila_dram/aquila_dram/aquila_dram.gen/sources_1/ip/async_fifo_signal/async_fifo_signal_clocks.xdc] for cell 'synchronizer/DMEM_strobe/U0'
Parsing XDC File [c:/Users/a609071103.cs07/Documents/micro processor/HW3/aquila_dram/aquila_dram/aquila_dram.gen/sources_1/ip/async_fifo_signal/async_fifo_signal_clocks.xdc] for cell 'synchronizer/IMEM_done__0/U0'
Finished Parsing XDC File [c:/Users/a609071103.cs07/Documents/micro processor/HW3/aquila_dram/aquila_dram/aquila_dram.gen/sources_1/ip/async_fifo_signal/async_fifo_signal_clocks.xdc] for cell 'synchronizer/IMEM_done__0/U0'
Parsing XDC File [c:/Users/a609071103.cs07/Documents/micro processor/HW3/aquila_dram/aquila_dram/aquila_dram.gen/sources_1/ip/async_fifo_signal/async_fifo_signal_clocks.xdc] for cell 'synchronizer/IMEM_strobe/U0'
Finished Parsing XDC File [c:/Users/a609071103.cs07/Documents/micro processor/HW3/aquila_dram/aquila_dram/aquila_dram.gen/sources_1/ip/async_fifo_signal/async_fifo_signal_clocks.xdc] for cell 'synchronizer/IMEM_strobe/U0'
Parsing XDC File [c:/Users/a609071103.cs07/Documents/micro processor/HW3/aquila_dram/aquila_dram/aquila_dram.gen/sources_1/ip/async_fifo_data/async_fifo_data_clocks.xdc] for cell 'synchronizer/DMEM_rd_data/U0'
Finished Parsing XDC File [c:/Users/a609071103.cs07/Documents/micro processor/HW3/aquila_dram/aquila_dram/aquila_dram.gen/sources_1/ip/async_fifo_data/async_fifo_data_clocks.xdc] for cell 'synchronizer/DMEM_rd_data/U0'
Parsing XDC File [c:/Users/a609071103.cs07/Documents/micro processor/HW3/aquila_dram/aquila_dram/aquila_dram.gen/sources_1/ip/async_fifo_data/async_fifo_data_clocks.xdc] for cell 'synchronizer/DMEM_wt_data/U0'
Finished Parsing XDC File [c:/Users/a609071103.cs07/Documents/micro processor/HW3/aquila_dram/aquila_dram/aquila_dram.gen/sources_1/ip/async_fifo_data/async_fifo_data_clocks.xdc] for cell 'synchronizer/DMEM_wt_data/U0'
Parsing XDC File [c:/Users/a609071103.cs07/Documents/micro processor/HW3/aquila_dram/aquila_dram/aquila_dram.gen/sources_1/ip/async_fifo_data/async_fifo_data_clocks.xdc] for cell 'synchronizer/IMEM_rd_data/U0'
Finished Parsing XDC File [c:/Users/a609071103.cs07/Documents/micro processor/HW3/aquila_dram/aquila_dram/aquila_dram.gen/sources_1/ip/async_fifo_data/async_fifo_data_clocks.xdc] for cell 'synchronizer/IMEM_rd_data/U0'
INFO: [Project 1-1714] 20 XPM XDC files have been applied to the design.
INFO: [Opt 31-138] Pushed 0 inverter(s) to 0 load pin(s).
Netlist sorting complete. Time (s): cpu = 00:00:00 ; elapsed = 00:00:00.011 . Memory (MB): peak = 4886.949 ; gain = 0.000
INFO: [Project 1-111] Unisim Transformation Summary:
  A total of 328 instances were transformed.
  IOBUFDS_INTERMDISABLE => IOBUFDS_INTERMDISABLE (IBUFDS_INTERMDISABLE_INT(x2), INV, OBUFTDS(x2)): 2 instances
  IOBUF_INTERMDISABLE => IOBUF_INTERMDISABLE (IBUF_INTERMDISABLE, OBUFT): 16 instances
  OBUFDS => OBUFDS_DUAL_BUF (INV, OBUFDS(x2)): 1 instance 
  RAM16X1D => RAM32X1D (RAMD32(x2)): 5 instances
  RAM32M => RAM32M (RAMD32(x6), RAMS32(x2)): 196 instances
  RAM32X1D => RAM32X1D (RAMD32(x2)): 16 instances
  RAM32X1S => RAM32X1S (RAMS32): 92 instances

open_run: Time (s): cpu = 00:00:19 ; elapsed = 00:00:16 . Memory (MB): peak = 4886.949 ; gain = 329.695
reset_run synth_1
WARNING: [Vivado 12-1017] Problems encountered:
1. Failed to delete one or more files in run directory C:/Users/a609071103.cs07/Documents/micro processor/HW3/aquila_dram/aquila_dram/aquila_dram.runs/synth_1

launch_runs impl_1 -to_step write_bitstream -jobs 6
WARNING: [Project 1-478] Design 'synth_1' is stale and will not be used when launching 'impl_1'
[Mon Nov 29 16:14:55 2021] Launched synth_1...
Run output will be captured here: C:/Users/a609071103.cs07/Documents/micro processor/HW3/aquila_dram/aquila_dram/aquila_dram.runs/synth_1/runme.log
[Mon Nov 29 16:14:55 2021] Launched impl_1...
Run output will be captured here: C:/Users/a609071103.cs07/Documents/micro processor/HW3/aquila_dram/aquila_dram/aquila_dram.runs/impl_1/runme.log
set_property PROBES.FILE {} [get_hw_devices xc7a35t_0]
set_property FULL_PROBES.FILE {} [get_hw_devices xc7a35t_0]
set_property PROGRAM.FILE {C:/Users/a609071103.cs07/Documents/micro processor/HW3/aquila_dram/aquila_dram/aquila_dram.runs/impl_1/soc_top.bit} [get_hw_devices xc7a35t_0]
program_hw_devices [get_hw_devices xc7a35t_0]
INFO: [Labtools 27-3164] End of startup status: HIGH
refresh_hw_device [lindex [get_hw_devices xc7a35t_0] 0]
INFO: [Labtools 27-1434] Device xc7a35t (JTAG device index = 0) is programmed with a design that has no supported debug core(s) in it.
reset_run impl_1 -prev_step 
launch_runs impl_1 -to_step write_bitstream -jobs 6
[Mon Nov 29 16:33:34 2021] Launched impl_1...
Run output will be captured here: C:/Users/a609071103.cs07/Documents/micro processor/HW3/aquila_dram/aquila_dram/aquila_dram.runs/impl_1/runme.log
set_property PROBES.FILE {} [get_hw_devices xc7a35t_0]
set_property FULL_PROBES.FILE {} [get_hw_devices xc7a35t_0]
set_property PROGRAM.FILE {C:/Users/a609071103.cs07/Documents/micro processor/HW3/aquila_dram/aquila_dram/aquila_dram.runs/impl_1/soc_top.bit} [get_hw_devices xc7a35t_0]
program_hw_devices [get_hw_devices xc7a35t_0]
INFO: [Labtools 27-3164] End of startup status: HIGH
refresh_hw_device [lindex [get_hw_devices xc7a35t_0] 0]
INFO: [Labtools 27-1434] Device xc7a35t (JTAG device index = 0) is programmed with a design that has no supported debug core(s) in it.
reset_run synth_1
WARNING: [Vivado 12-1017] Problems encountered:
1. Failed to delete one or more files in run directory C:/Users/a609071103.cs07/Documents/micro processor/HW3/aquila_dram/aquila_dram/aquila_dram.runs/synth_1

launch_runs impl_1 -to_step write_bitstream -jobs 6
WARNING: [Project 1-478] Design 'synth_1' is stale and will not be used when launching 'impl_1'
[Mon Nov 29 16:37:16 2021] Launched synth_1...
Run output will be captured here: C:/Users/a609071103.cs07/Documents/micro processor/HW3/aquila_dram/aquila_dram/aquila_dram.runs/synth_1/runme.log
[Mon Nov 29 16:37:16 2021] Launched impl_1...
Run output will be captured here: C:/Users/a609071103.cs07/Documents/micro processor/HW3/aquila_dram/aquila_dram/aquila_dram.runs/impl_1/runme.log
reset_run synth_1
WARNING: [Vivado 12-1017] Problems encountered:
1. Failed to delete one or more files in run directory C:/Users/a609071103.cs07/Documents/micro processor/HW3/aquila_dram/aquila_dram/aquila_dram.runs/synth_1

launch_runs impl_1 -to_step write_bitstream -jobs 6
WARNING: [Project 1-478] Design 'synth_1' is stale and will not be used when launching 'impl_1'
[Mon Nov 29 17:17:28 2021] Launched synth_1...
Run output will be captured here: C:/Users/a609071103.cs07/Documents/micro processor/HW3/aquila_dram/aquila_dram/aquila_dram.runs/synth_1/runme.log
[Mon Nov 29 17:17:28 2021] Launched impl_1...
Run output will be captured here: C:/Users/a609071103.cs07/Documents/micro processor/HW3/aquila_dram/aquila_dram/aquila_dram.runs/impl_1/runme.log
reset_run synth_1
WARNING: [Vivado 12-1017] Problems encountered:
1. Failed to delete one or more files in run directory C:/Users/a609071103.cs07/Documents/micro processor/HW3/aquila_dram/aquila_dram/aquila_dram.runs/synth_1

launch_runs impl_1 -to_step write_bitstream -jobs 6
WARNING: [Project 1-478] Design 'synth_1' is stale and will not be used when launching 'impl_1'
[Mon Nov 29 17:32:56 2021] Launched synth_1...
Run output will be captured here: C:/Users/a609071103.cs07/Documents/micro processor/HW3/aquila_dram/aquila_dram/aquila_dram.runs/synth_1/runme.log
[Mon Nov 29 17:32:56 2021] Launched impl_1...
Run output will be captured here: C:/Users/a609071103.cs07/Documents/micro processor/HW3/aquila_dram/aquila_dram/aquila_dram.runs/impl_1/runme.log
reset_run synth_1
WARNING: [Vivado 12-1017] Problems encountered:
1. Failed to delete one or more files in run directory C:/Users/a609071103.cs07/Documents/micro processor/HW3/aquila_dram/aquila_dram/aquila_dram.runs/synth_1

launch_runs impl_1 -to_step write_bitstream -jobs 6
WARNING: [Project 1-478] Design 'synth_1' is stale and will not be used when launching 'impl_1'
[Mon Nov 29 17:40:29 2021] Launched synth_1...
Run output will be captured here: C:/Users/a609071103.cs07/Documents/micro processor/HW3/aquila_dram/aquila_dram/aquila_dram.runs/synth_1/runme.log
[Mon Nov 29 17:40:29 2021] Launched impl_1...
Run output will be captured here: C:/Users/a609071103.cs07/Documents/micro processor/HW3/aquila_dram/aquila_dram/aquila_dram.runs/impl_1/runme.log
exit
INFO: [Common 17-206] Exiting Vivado at Mon Nov 29 17:48:07 2021...
