#-----------------------------------------------------------
# Vivado v2021.1 (64-bit)
# SW Build 3247384 on Thu Jun 10 19:36:33 MDT 2021
# IP Build 3246043 on Fri Jun 11 00:30:35 MDT 2021
# Start of session at: Sun Jan 16 18:42:31 2022
# Process ID: 27596
# Current directory: C:/Users/a609071103.cs07/Documents/micro processor/HW5/aquila_dram
# Command line: vivado.exe -gui_launcher_event rodinguilauncherevent17756 C:\Users\a609071103.cs07\Documents\micro processor\HW5\aquila_dram\aquila_dram.xpr
# Log file: C:/Users/a609071103.cs07/Documents/micro processor/HW5/aquila_dram/vivado.log
# Journal file: C:/Users/a609071103.cs07/Documents/micro processor/HW5/aquila_dram\vivado.jou
#-----------------------------------------------------------
start_gui
open_project {C:/Users/a609071103.cs07/Documents/micro processor/HW5/aquila_dram/aquila_dram.xpr}
Scanning sources...
Finished scanning sources
INFO: [IP_Flow 19-234] Refreshing IP repositories
INFO: [IP_Flow 19-1704] No user IP repositories specified
INFO: [IP_Flow 19-2313] Loaded Vivado IP repository 'C:/Xilinx/Vivado/2021.1/data/ip'.
open_project: Time (s): cpu = 00:00:11 ; elapsed = 00:00:07 . Memory (MB): peak = 1441.203 ; gain = 0.000
update_compile_order -fileset sources_1
open_hw_manager
connect_hw_server -allow_non_jtag
INFO: [Labtools 27-2285] Connecting to hw_server url TCP:localhost:3121
INFO: [Labtools 27-2222] Launching hw_server...
INFO: [Labtools 27-2221] Launch Output:

****** Xilinx hw_server v2021.1
  **** Build date : Jun 10 2021 at 20:17:23
    ** Copyright 1986-2021 Xilinx, Inc. All Rights Reserved.


INFO: [Labtools 27-3415] Connecting to cs_server url TCP:localhost:3042
INFO: [Labtools 27-3417] Launching cs_server...
INFO: [Labtools 27-2221] Launch Output:


******** Xilinx cs_server v2021.1
  ****** Build date   : May 27 2021-01:32:33
    **** Build number : 2021.1.1622050353
      ** Copyright 2017-2022 Xilinx, Inc. All Rights Reserved.



connect_hw_server: Time (s): cpu = 00:00:01 ; elapsed = 00:00:08 . Memory (MB): peak = 1441.203 ; gain = 0.000
open_hw_target
INFO: [Labtoolstcl 44-466] Opening hw_target localhost:3121/xilinx_tcf/Digilent/210319A438C7A
open_hw_target: Time (s): cpu = 00:00:06 ; elapsed = 00:00:06 . Memory (MB): peak = 2734.887 ; gain = 1293.684
current_hw_device [get_hw_devices xc7a35t_0]
refresh_hw_device -update_hw_probes false [lindex [get_hw_devices xc7a35t_0] 0]
INFO: [Labtools 27-1434] Device xc7a35t (JTAG device index = 0) is programmed with a design that has no supported debug core(s) in it.
launch_runs synth_1 -jobs 6
[Sun Jan 16 18:44:40 2022] Launched async_fifo_data_synth_1, async_fifo_signal_synth_1, mig_7series_0_synth_1, clk_wiz_0_synth_1, async_fifo_addr_synth_1...
Run output will be captured here:
async_fifo_data_synth_1: C:/Users/a609071103.cs07/Documents/micro processor/HW5/aquila_dram/aquila_dram.runs/async_fifo_data_synth_1/runme.log
async_fifo_signal_synth_1: C:/Users/a609071103.cs07/Documents/micro processor/HW5/aquila_dram/aquila_dram.runs/async_fifo_signal_synth_1/runme.log
mig_7series_0_synth_1: C:/Users/a609071103.cs07/Documents/micro processor/HW5/aquila_dram/aquila_dram.runs/mig_7series_0_synth_1/runme.log
clk_wiz_0_synth_1: C:/Users/a609071103.cs07/Documents/micro processor/HW5/aquila_dram/aquila_dram.runs/clk_wiz_0_synth_1/runme.log
async_fifo_addr_synth_1: C:/Users/a609071103.cs07/Documents/micro processor/HW5/aquila_dram/aquila_dram.runs/async_fifo_addr_synth_1/runme.log
[Sun Jan 16 18:44:40 2022] Launched synth_1...
Run output will be captured here: C:/Users/a609071103.cs07/Documents/micro processor/HW5/aquila_dram/aquila_dram.runs/synth_1/runme.log
reset_run synth_1
reset_run async_fifo_data_synth_1
WARNING: [Vivado 12-1017] Problems encountered:
1. Failed to delete one or more files in run directory C:/Users/a609071103.cs07/Documents/micro processor/HW5/aquila_dram/aquila_dram.runs/async_fifo_data_synth_1

reset_run async_fifo_signal_synth_1
WARNING: [Vivado 12-1017] Problems encountered:
1. Failed to delete one or more files in run directory C:/Users/a609071103.cs07/Documents/micro processor/HW5/aquila_dram/aquila_dram.runs/async_fifo_signal_synth_1

reset_run mig_7series_0_synth_1
WARNING: [Vivado 12-1017] Problems encountered:
1. Failed to delete one or more files in run directory C:/Users/a609071103.cs07/Documents/micro processor/HW5/aquila_dram/aquila_dram.runs/mig_7series_0_synth_1

reset_run clk_wiz_0_synth_1
WARNING: [Vivado 12-1017] Problems encountered:
1. Failed to delete one or more files in run directory C:/Users/a609071103.cs07/Documents/micro processor/HW5/aquila_dram/aquila_dram.runs/clk_wiz_0_synth_1

reset_run async_fifo_addr_synth_1
WARNING: [Vivado 12-1017] Problems encountered:
1. Failed to delete one or more files in run directory C:/Users/a609071103.cs07/Documents/micro processor/HW5/aquila_dram/aquila_dram.runs/async_fifo_addr_synth_1

exit
INFO: [Common 17-206] Exiting Vivado at Sun Jan 16 18:45:28 2022...
